<?xml version="1.0" encoding="UTF-8"?>
<testsuite xmlns:xsi="http://www.w3.org/2001/XMLSchema-instance" xsi:noNamespaceSchemaLocation="https://maven.apache.org/surefire/maven-surefire-plugin/xsd/surefire-test-report-3.0.xsd" version="3.0" name="tests.mavens.FilterTest" time="56.716" tests="9" errors="0" skipped="0" failures="0">
  <properties>
[...]
</properties>
  <testcase name="GoodTest" classname="tests.mavens.FilterTest" time="5.585"/>
  <testcase name="ListingTest" classname="tests.mavens.FilterTest" time="4.609"/>
  <testcase name="LeasableTest" classname="tests.mavens.FilterTest" time="3.661"/>
  <testcase name="UsedNormalWearTest" classname="tests.mavens.FilterTest" time="4.249"/>
  <testcase name="BaseTest" classname="tests.mavens.FilterTest" time="2.372"/>
  <testcase name="FixedTest" classname="tests.mavens.FilterTest" time="4.174"/>
  <testcase name="RentableTest" classname="tests.mavens.FilterTest" time="3.075"/>
  <testcase name="BooksTest" classname="tests.mavens.FilterTest" time="4.718"/>
  <testcase name="ElectronicsTest" classname="tests.mavens.FilterTest" time="3.837"/>
</testsuite>